# JRE version: Java(TM) SE Runtime Environment (8.0_121-b13) (build 1.8.0_121-b13)
# Java VM: Java HotSpot(TM) 64-Bit Server VM (25.121-b13 mixed mode windows-amd64 compressed oops)
Heap:
 PSYoungGen      total 304640K, used 164567K [0x00000000eb500000, 0x0000000100000000, 0x0000000100000000)
  eden space 285696K, 51% used [0x00000000eb500000,0x00000000f438c0e8,0x00000000fcc00000)
  from space 18944K, 98% used [0x00000000fcc00000,0x00000000fde29cf8,0x00000000fde80000)
  to   space 27648K, 0% used [0x00000000fe500000,0x00000000fe500000,0x0000000100000000)
 ParOldGen       total 59904K, used 41068K [0x00000000c1e00000, 0x00000000c5880000, 0x00000000eb500000)
  object space 59904K, 68% used [0x00000000c1e00000,0x00000000c461b3b8,0x00000000c5880000)
 Metaspace       used 53581K, capacity 54294K, committed 54696K, reserved 1097728K
  class space    used 6335K, capacity 6517K, committed 6568K, reserved 1048576K
GC Heap History (10 events):
Event: 30.665 GC heap before
{Heap before GC invocations=19 (full 2):
 PSYoungGen      total 261120K, used 258141K [0x00000000eb500000, 0x00000000fcb80000, 0x0000000100000000)
  eden space 245248K, 100% used [0x00000000eb500000,0x00000000fa480000,0x00000000fa480000)
  from space 15872K, 81% used [0x00000000fbc00000,0x00000000fc897748,0x00000000fcb80000)
  to   space 19968K, 0% used [0x00000000fa480000,0x00000000fa480000,0x00000000fb800000)
 ParOldGen       total 59904K, used 30869K [0x00000000c1e00000, 0x00000000c5880000, 0x00000000eb500000)
  object space 59904K, 51% used [0x00000000c1e00000,0x00000000c3c25570,0x00000000c5880000)
 Metaspace       used 48006K, capacity 48588K, committed 48936K, reserved 1091584K
  class space    used 5677K, capacity 5806K, committed 5928K, reserved 1048576K
Event: 30.688 GC heap after
Heap after GC invocations=19 (full 2):
 PSYoungGen      total 265216K, used 6730K [0x00000000eb500000, 0x00000000ff400000, 0x0000000100000000)
  eden space 245248K, 0% used [0x00000000eb500000,0x00000000eb500000,0x00000000fa480000)
  from space 19968K, 33% used [0x00000000fa480000,0x00000000fab12840,0x00000000fb800000)
  to   space 19456K, 0% used [0x00000000fe100000,0x00000000fe100000,0x00000000ff400000)
 ParOldGen       total 59904K, used 30869K [0x00000000c1e00000, 0x00000000c5880000, 0x00000000eb500000)
  object space 59904K, 51% used [0x00000000c1e00000,0x00000000c3c25570,0x00000000c5880000)
 Metaspace       used 48006K, capacity 48588K, committed 48936K, reserved 1091584K
  class space    used 5677K, capacity 5806K, committed 5928K, reserved 1048576K
}
Event: 34.466 GC heap before
{Heap before GC invocations=20 (full 2):
 PSYoungGen      total 265216K, used 251978K [0x00000000eb500000, 0x00000000ff400000, 0x0000000100000000)
  eden space 245248K, 100% used [0x00000000eb500000,0x00000000fa480000,0x00000000fa480000)
  from space 19968K, 33% used [0x00000000fa480000,0x00000000fab12840,0x00000000fb800000)
  to   space 19456K, 0% used [0x00000000fe100000,0x00000000fe100000,0x00000000ff400000)
 ParOldGen       total 59904K, used 30869K [0x00000000c1e00000, 0x00000000c5880000, 0x00000000eb500000)
  object space 59904K, 51% used [0x00000000c1e00000,0x00000000c3c25570,0x00000000c5880000)
 Metaspace       used 49239K, capacity 49854K, committed 50344K, reserved 1093632K
  class space    used 5795K, capacity 5953K, committed 6056K, reserved 1048576K
Event: 34.503 GC heap after
Heap after GC invocations=20 (full 2):
 PSYoungGen      total 304128K, used 13987K [0x00000000eb500000, 0x00000000ff380000, 0x0000000100000000)
  eden space 285184K, 0% used [0x00000000eb500000,0x00000000eb500000,0x00000000fcb80000)
  from space 18944K, 73% used [0x00000000fe100000,0x00000000feea8d88,0x00000000ff380000)
  to   space 20480K, 0% used [0x00000000fcb80000,0x00000000fcb80000,0x00000000fdf80000)
 ParOldGen       total 59904K, used 30869K [0x00000000c1e00000, 0x00000000c5880000, 0x00000000eb500000)
  object space 59904K, 51% used [0x00000000c1e00000,0x00000000c3c25570,0x00000000c5880000)
 Metaspace       used 49239K, capacity 49854K, committed 50344K, reserved 1093632K
  class space    used 5795K, capacity 5953K, committed 6056K, reserved 1048576K
}
Event: 38.552 GC heap before
{Heap before GC invocations=21 (full 2):
 PSYoungGen      total 304128K, used 299171K [0x00000000eb500000, 0x00000000ff380000, 0x0000000100000000)
  eden space 285184K, 100% used [0x00000000eb500000,0x00000000fcb80000,0x00000000fcb80000)
  from space 18944K, 73% used [0x00000000fe100000,0x00000000feea8d88,0x00000000ff380000)
  to   space 20480K, 0% used [0x00000000fcb80000,0x00000000fcb80000,0x00000000fdf80000)
 ParOldGen       total 59904K, used 30869K [0x00000000c1e00000, 0x00000000c5880000, 0x00000000eb500000)
  object space 59904K, 51% used [0x00000000c1e00000,0x00000000c3c25570,0x00000000c5880000)
 Metaspace       used 51031K, capacity 51722K, committed 52008K, reserved 1095680K
  class space    used 5985K, capacity 6131K, committed 6184K, reserved 1048576K
Event: 38.594 GC heap after
Heap after GC invocations=21 (full 2):
 PSYoungGen      total 305664K, used 20478K [0x00000000eb500000, 0x0000000100000000, 0x0000000100000000)
  eden space 285184K, 0% used [0x00000000eb500000,0x00000000eb500000,0x00000000fcb80000)
  from space 20480K, 99% used [0x00000000fcb80000,0x00000000fdf7f860,0x00000000fdf80000)
  to   space 25088K, 0% used [0x00000000fe780000,0x00000000fe780000,0x0000000100000000)
 ParOldGen       total 59904K, used 36003K [0x00000000c1e00000, 0x00000000c5880000, 0x00000000eb500000)
  object space 59904K, 60% used [0x00000000c1e00000,0x00000000c4128da0,0x00000000c5880000)
 Metaspace       used 51031K, capacity 51722K, committed 52008K, reserved 1095680K
  class space    used 5985K, capacity 6131K, committed 6184K, reserved 1048576K
}
Event: 41.106 GC heap before
{Heap before GC invocations=22 (full 2):
 PSYoungGen      total 305664K, used 305662K [0x00000000eb500000, 0x0000000100000000, 0x0000000100000000)
  eden space 285184K, 100% used [0x00000000eb500000,0x00000000fcb80000,0x00000000fcb80000)
  from space 20480K, 99% used [0x00000000fcb80000,0x00000000fdf7f860,0x00000000fdf80000)
  to   space 25088K, 0% used [0x00000000fe780000,0x00000000fe780000,0x0000000100000000)
 ParOldGen       total 59904K, used 36003K [0x00000000c1e00000, 0x00000000c5880000, 0x00000000eb500000)
  object space 59904K, 60% used [0x00000000c1e00000,0x00000000c4128da0,0x00000000c5880000)
 Metaspace       used 51695K, capacity 52362K, committed 52648K, reserved 1095680K
  class space    used 6079K, capacity 6259K, committed 6312K, reserved 1048576K
Event: 41.139 GC heap after
Heap after GC invocations=22 (full 2):
 PSYoungGen      total 310784K, used 18262K [0x00000000eb500000, 0x0000000100000000, 0x0000000100000000)
  eden space 285696K, 0% used [0x00000000eb500000,0x00000000eb500000,0x00000000fcc00000)
  from space 25088K, 72% used [0x00000000fe780000,0x00000000ff955b88,0x0000000100000000)
  to   space 26624K, 0% used [0x00000000fcc00000,0x00000000fcc00000,0x00000000fe600000)
 ParOldGen       total 59904K, used 41068K [0x00000000c1e00000, 0x00000000c5880000, 0x00000000eb500000)
  object space 59904K, 68% used [0x00000000c1e00000,0x00000000c461b3b8,0x00000000c5880000)
 Metaspace       used 51695K, capacity 52362K, committed 52648K, reserved 1095680K
  class space    used 6079K, capacity 6259K, committed 6312K, reserved 1048576K
}
Event: 44.657 GC heap before
{Heap before GC invocations=23 (full 2):
 PSYoungGen      total 310784K, used 303958K [0x00000000eb500000, 0x0000000100000000, 0x0000000100000000)
  eden space 285696K, 100% used [0x00000000eb500000,0x00000000fcc00000,0x00000000fcc00000)
  from space 25088K, 72% used [0x00000000fe780000,0x00000000ff955b88,0x0000000100000000)
  to   space 26624K, 0% used [0x00000000fcc00000,0x00000000fcc00000,0x00000000fe600000)
 ParOldGen       total 59904K, used 41068K [0x00000000c1e00000, 0x00000000c5880000, 0x00000000eb500000)
  object space 59904K, 68% used [0x00000000c1e00000,0x00000000c461b3b8,0x00000000c5880000)
 Metaspace       used 52939K, capacity 53622K, committed 53800K, reserved 1097728K
  class space    used 6253K, capacity 6421K, committed 6440K, reserved 1048576K
Event: 44.679 GC heap after
Heap after GC invocations=23 (full 2):
 PSYoungGen      total 304640K, used 18599K [0x00000000eb500000, 0x0000000100000000, 0x0000000100000000)
  eden space 285696K, 0% used [0x00000000eb500000,0x00000000eb500000,0x00000000fcc00000)
  from space 18944K, 98% used [0x00000000fcc00000,0x00000000fde29cf8,0x00000000fde80000)
  to   space 27648K, 0% used [0x00000000fe500000,0x00000000fe500000,0x0000000100000000)
 ParOldGen       total 59904K, used 41068K [0x00000000c1e00000, 0x00000000c5880000, 0x00000000eb500000)
  object space 59904K, 68% used [0x00000000c1e00000,0x00000000c461b3b8,0x00000000c5880000)
 Metaspace       used 52939K, capacity 53622K, committed 53800K, reserved 1097728K
  class space    used 6253K, capacity 6421K, committed 6440K, reserved 1048576K
}

